<?xml version="1.0" encoding="UTF-8"?>
<testng-results ignored="0" total="1" passed="1" failed="0" skipped="0">
  <reporter-output>
  </reporter-output>
  <suite started-at="2022-03-24T23:30:06 EDT" name="Default suite" finished-at="2022-03-24T23:32:46 EDT" duration-ms="159366">
    <groups>
    </groups>
    <test started-at="2022-03-24T23:30:06 EDT" name="Default test" finished-at="2022-03-24T23:32:46 EDT" duration-ms="159366">
      <class name="com.testscenarios.ApppleVacation">
        <test-method signature="f()[pri:0, instance:com.testscenarios.ApppleVacation@618425b5]" started-at="2022-03-24T23:30:06 EDT" name="f" finished-at="2022-03-24T23:32:46 EDT" duration-ms="159243" status="PASS">
          <reporter-output>
          </reporter-output>
        </test-method> <!-- f -->
      </class> <!-- com.testscenarios.ApppleVacation -->
    </test> <!-- Default test -->
  </suite> <!-- Default suite -->
</testng-results>
