<?xml version="1.0" encoding="UTF-8"?>
<testng-results ignored="0" total="1" passed="1" failed="0" skipped="0">
  <reporter-output>
  </reporter-output>
  <suite started-at="2022-03-23T12:52:35 EDT" name="Default suite" finished-at="2022-03-23T12:52:49 EDT" duration-ms="13965">
    <groups>
    </groups>
    <test started-at="2022-03-23T12:52:35 EDT" name="Default test" finished-at="2022-03-23T12:52:49 EDT" duration-ms="13965">
      <class name="com.testscenarios.Fblogin1">
        <test-method signature="f()[pri:0, instance:com.testscenarios.Fblogin1@618425b5]" started-at="2022-03-23T12:52:35 EDT" name="f" finished-at="2022-03-23T12:52:49 EDT" duration-ms="13925" status="PASS">
          <reporter-output>
          </reporter-output>
        </test-method> <!-- f -->
      </class> <!-- com.testscenarios.Fblogin1 -->
    </test> <!-- Default test -->
  </suite> <!-- Default suite -->
</testng-results>
